
Showing logs for build [32mcb-kubecd-environment-pr-205-11-dmktz-1[0m stage [32mfrom-build-pack[0m and container [32mstep-credential-initializer-fhcps[0m
{"level":"info","ts":1587381394.7450538,"logger":"fallback-logger","caller":"logging/config.go:69","msg":"Fetch GitHub commit ID from kodata failed: open /var/run/ko/refs/heads/0.8.0-ns-support: no such file or directory"}
{"level":"info","ts":1587381394.745787,"logger":"fallback-logger","caller":"creds-init/main.go:40","msg":"Credentials initialized."}

Showing logs for build [32mcb-kubecd-environment-pr-205-11-dmktz-1[0m stage [32mfrom-build-pack[0m and container [32mstep-working-dir-initializer-n245h[0m
{"level":"info","ts":1587381395.8086014,"logger":"fallback-logger","caller":"logging/config.go:69","msg":"Fetch GitHub commit ID from kodata failed: open /var/run/ko/HEAD: no such file or directory"}
{"level":"info","ts":1587381395.8102212,"logger":"fallback-logger","caller":"bash/main.go:64","msg":"Successfully executed command \"sh -c mkdir -p /workspace/source\"; output "}

Showing logs for build [32mcb-kubecd-environment-pr-205-11-dmktz-1[0m stage [32mfrom-build-pack[0m and container [32mstep-place-tools[0m

Showing logs for build [32mcb-kubecd-environment-pr-205-11-dmktz-1[0m stage [32mfrom-build-pack[0m and container [32mstep-git-source-cb-kubecd-environment-pr-205-11-dmktz-4b76l[0m
{"level":"info","ts":1587381402.0190012,"logger":"fallback-logger","caller":"logging/config.go:69","msg":"Fetch GitHub commit ID from kodata failed: open /var/run/ko/refs/heads/0.8.0-ns-support: no such file or directory"}
{"level":"info","ts":1587381403.0692139,"logger":"fallback-logger","caller":"git/git.go:103","msg":"Successfully cloned https://github.com/cb-kubecd/environment-pr-205-114-boot-vault-gke-staging.git @ master in path /workspace/source"}

Showing logs for build [32mcb-kubecd-environment-pr-205-11-dmktz-1[0m stage [32mfrom-build-pack[0m and container [32mstep-git-merge[0m
Using SHAs from PULL_REFS=master:ffefca0311483bcc9f207557ad3e5fa2ae230b92,2:f64540b61fa0653e7af74c29c22c4634825f07e7
DEBUG: JX_LOG_LEVEL=error LC_ALL=C git fetch origin --unshallow f64540b61fa0653e7af74c29c22c4634825f07e7: ffefca0311483bcc9f207557ad3e5fa2ae230b92:
DEBUG: ran git fetch --unshallow origin f64540b61fa0653e7af74c29c22c4634825f07e7: ffefca0311483bcc9f207557ad3e5fa2ae230b92: in 
DEBUG: LC_ALL=C JX_LOG_LEVEL=error git branch
DEBUG: LC_ALL=C JX_LOG_LEVEL=error git checkout master
DEBUG: ran git checkout master in 
DEBUG: LC_ALL=C JX_LOG_LEVEL=error git reset --hard ffefca0311483bcc9f207557ad3e5fa2ae230b92
DEBUG: ran git reset --hard ffefca0311483bcc9f207557ad3e5fa2ae230b92 in 
DEBUG: LC_ALL=C JX_LOG_LEVEL=error git clean -fd .
DEBUG: ran clean --force -d . in 
DEBUG: LC_ALL=C JX_LOG_LEVEL=error git merge f64540b61fa0653e7af74c29c22c4634825f07e7
DEBUG: ran git merge f64540b61fa0653e7af74c29c22c4634825f07e7 in 
DEBUG: LC_ALL=C JX_LOG_LEVEL=error git log --format=%H%x1f%an%x1f%ae%x1f%cn%x1f%ce%x1f%s%n%b%x1e ffefca0311483bcc9f207557ad3e5fa2ae230b92..HEAD
Merged SHA f64540b61fa0653e7af74c29c22c4634825f07e7 with commit message 'chore: Promote bdd-sbhg-1587381005 to version 0.0.1' into base branch master

Showing logs for build [32mcb-kubecd-environment-pr-205-11-dmktz-1[0m stage [32mfrom-build-pack[0m and container [32mstep-build-helm-build[0m
WARNING: No $CHART_REPOSITORY defined so using the default value of: http://jenkins-x-chartmuseum:8080
Adding missing Helm repo: storage.googleapis.com https://storage.googleapis.com/chartmuseum.jenkins-x.io
WARNING: No secrets found on "helm/repos" due: reading the secret "helm/repos" from vault: no secret "helm/repos" not found in vault
Read credentials for https://storage.googleapis.com/chartmuseum.jenkins-x.io from vault helm/repos
Successfully added Helm repository storage.googleapis.com.
Adding missing Helm repo: jenkins-x-chartmuseum http://jenkins-x-chartmuseum:8080
WARNING: No secrets found on "helm/repos" due: reading the secret "helm/repos" from vault: no secret "helm/repos" not found in vault
Read credentials for http://jenkins-x-chartmuseum:8080 from vault helm/repos
Successfully added Helm repository jenkins-x-chartmuseum.
WARNING: No $CHART_REPOSITORY defined so using the default value of: http://jenkins-x-chartmuseum:8080
Adding missing Helm repo: chartmuseum.jenkins-x.io http://chartmuseum.jenkins-x.io
WARNING: No secrets found on "helm/repos" due: reading the secret "helm/repos" from vault: no secret "helm/repos" not found in vault
Read credentials for http://chartmuseum.jenkins-x.io from vault helm/repos
Successfully added Helm repository chartmuseum.jenkins-x.io.
